{
  "RSpec": {
    "coverage": {
      "/home/saasbook/Downloads/git/UCBerkeleyFoodPantry/app/helpers/application_helper.rb": [
        1,
        null
      ],
      "/home/saasbook/Downloads/git/UCBerkeleyFoodPantry/app/helpers/pages_helper.rb": [
        1,
        null
      ],
      "/home/saasbook/Downloads/git/UCBerkeleyFoodPantry/app/helpers/welcome_helper.rb": [
        1,
        null
      ],
      "/home/saasbook/Downloads/git/UCBerkeleyFoodPantry/app/controllers/pages_controller.rb": [
        1,
        1,
        null,
        1,
        null,
        1,
        null,
        1,
        null,
        null
      ],
      "/home/saasbook/Downloads/git/UCBerkeleyFoodPantry/app/controllers/application_controller.rb": [
        1,
        null,
        null,
        1,
        null
      ]
    },
    "timestamp": 1426288986
  },
  "Cucumber Features": {
    "coverage": {
      "D:/School/Current/CS 169/proj/UCBerkeleyFoodPantry/app/controllers/welcome_controller.rb": [
        1,
        1,
        null,
        null
      ],
      "D:/School/Current/CS 169/proj/UCBerkeleyFoodPantry/app/controllers/application_controller.rb": [
        1,
        null,
        null,
        1,
        null
      ],
      "D:/School/Current/CS 169/proj/UCBerkeleyFoodPantry/app/helpers/application_helper.rb": [
        1,
        null
      ],
      "D:/School/Current/CS 169/proj/UCBerkeleyFoodPantry/app/helpers/pages_helper.rb": [
        1,
        null
      ],
      "D:/School/Current/CS 169/proj/UCBerkeleyFoodPantry/app/helpers/welcome_helper.rb": [
        1,
        null
      ]
    },
    "timestamp": 1426649040
  }
}
